[2024-12-27 14:15:12,708] [INFO] Reading Config...
[2024-12-27 14:15:12,709] [INFO] Converting time period to starting and ending dates.
[2024-12-27 14:15:12,709] [INFO] Downloading data (Symbol: BTC-USD, Interval: 15m)
[2024-12-27 14:15:16,331] [INFO] Writing data...
[2024-12-27 14:15:16,385] [INFO] Downloading data (Symbol: BTC-USD, Interval: 1h)
[2024-12-27 14:15:16,829] [INFO] Writing data...
[2024-12-27 14:15:16,851] [INFO] Downloading data (Symbol: BTC-USD, Interval: 1d)
[2024-12-27 14:15:17,313] [INFO] Writing data...
[2024-12-27 14:15:17,316] [INFO] Downloading data (Symbol: BTC-USD, Interval: 1wk)
[2024-12-27 14:15:17,713] [INFO] Writing data...
[2024-12-27 14:17:24,582] [INFO] Reading Config...
[2024-12-27 14:17:24,582] [INFO] Converting time period to starting and ending dates.
[2024-12-27 14:17:24,582] [INFO] Downloading data (Symbol: BTC-USD, Interval: 15m)
[2024-12-27 14:17:31,480] [INFO] Writing data...
[2024-12-27 14:17:31,536] [INFO] Downloading data (Symbol: BTC-USD, Interval: 1h)
[2024-12-27 14:17:31,807] [INFO] Writing data...
[2024-12-27 14:17:31,827] [INFO] Downloading data (Symbol: BTC-USD, Interval: 1d)
[2024-12-27 14:17:32,066] [INFO] Writing data...
[2024-12-27 14:17:32,068] [INFO] Downloading data (Symbol: BTC-USD, Interval: 1wk)
[2024-12-27 14:17:32,290] [INFO] Writing data...
[2024-12-27 14:17:32,291] [WARNING] Symbol folder not found in Data folder. Creating one...
[2024-12-27 14:17:32,291] [INFO] Downloading data (Symbol: ETH-USD, Interval: 15m)
[2024-12-27 14:17:32,767] [INFO] Writing data...
[2024-12-27 14:17:32,830] [INFO] Downloading data (Symbol: ETH-USD, Interval: 1h)
[2024-12-27 14:17:33,126] [INFO] Writing data...
[2024-12-27 14:17:33,158] [INFO] Downloading data (Symbol: ETH-USD, Interval: 1d)
[2024-12-27 14:17:33,392] [INFO] Writing data...
[2024-12-27 14:17:33,397] [INFO] Downloading data (Symbol: ETH-USD, Interval: 1wk)
[2024-12-27 14:17:33,706] [INFO] Writing data...
[2024-12-27 14:30:24,944] [INFO] Reading Config...
[2024-12-27 14:30:24,944] [INFO] Converting time period to starting and ending dates.
[2024-12-27 14:30:24,944] [INFO] Downloading data (Symbol: BTC-USD, Interval: 15m)
[2024-12-27 14:30:28,911] [INFO] Writing data...
[2024-12-27 14:30:28,978] [INFO] Downloading data (Symbol: BTC-USD, Interval: 1h)
[2024-12-27 14:30:29,406] [INFO] Writing data...
[2024-12-27 14:30:29,426] [INFO] Downloading data (Symbol: BTC-USD, Interval: 1d)
[2024-12-27 14:30:29,792] [INFO] Writing data...
[2024-12-27 14:30:29,794] [INFO] Downloading data (Symbol: BTC-USD, Interval: 1wk)
[2024-12-27 14:30:30,210] [INFO] Writing data...
[2024-12-27 14:30:30,215] [INFO] Downloading data (Symbol: ETH-USD, Interval: 15m)
[2024-12-27 14:30:31,060] [INFO] Writing data...
[2024-12-27 14:30:31,115] [INFO] Downloading data (Symbol: ETH-USD, Interval: 1h)
[2024-12-27 14:30:31,608] [INFO] Writing data...
[2024-12-27 14:30:31,627] [INFO] Downloading data (Symbol: ETH-USD, Interval: 1d)
[2024-12-27 14:30:32,057] [INFO] Writing data...
[2024-12-27 14:30:32,059] [INFO] Downloading data (Symbol: ETH-USD, Interval: 1wk)
[2024-12-27 14:30:32,462] [INFO] Writing data...
[2024-12-27 14:35:16,538] [INFO] Reading Config...
[2024-12-27 14:35:16,538] [INFO] Converting time period to starting and ending dates.
[2024-12-27 14:35:16,538] [INFO] Downloading data (Symbol: BTC-USD, Interval: 15m)
[2024-12-27 14:35:18,655] [INFO] Writing data...
[2024-12-27 14:35:18,704] [INFO] Downloading data (Symbol: BTC-USD, Interval: 1h)
[2024-12-27 14:35:19,018] [INFO] Writing data...
[2024-12-27 14:35:19,036] [INFO] Downloading data (Symbol: BTC-USD, Interval: 1d)
[2024-12-27 14:35:19,277] [INFO] Writing data...
[2024-12-27 14:35:19,279] [INFO] Downloading data (Symbol: BTC-USD, Interval: 1wk)
[2024-12-27 14:35:19,522] [INFO] Writing data...
[2024-12-27 14:35:19,525] [INFO] Downloading data (Symbol: ETH-USD, Interval: 15m)
[2024-12-27 14:35:20,043] [INFO] Writing data...
[2024-12-27 14:35:20,109] [INFO] Downloading data (Symbol: ETH-USD, Interval: 1h)
[2024-12-27 14:35:20,375] [INFO] Writing data...
[2024-12-27 14:35:20,398] [INFO] Downloading data (Symbol: ETH-USD, Interval: 1d)
[2024-12-27 14:35:20,620] [INFO] Writing data...
[2024-12-27 14:35:20,621] [INFO] Downloading data (Symbol: ETH-USD, Interval: 1wk)
[2024-12-27 14:35:20,919] [INFO] Writing data...
